<component name="libraryTable">
  <library name="junit">
    <CLASSES>
      <root url="jar://$USER_HOME$/Desktop/School/Spring 2018/COSC 442/Civilization Project/FreeCol/test/lib/junit.jar!/" />
    </CLASSES>
    <JAVADOC />
    <SOURCES />
  </library>
</component>